mode: set
github.com/adobe/butler/cmd/butler/main.go:50.38,51.28 1 1
github.com/adobe/butler/cmd/butler/main.go:52.15,53.24 1 1
github.com/adobe/butler/cmd/butler/main.go:54.14,55.23 1 1
github.com/adobe/butler/cmd/butler/main.go:56.14,57.23 1 1
github.com/adobe/butler/cmd/butler/main.go:58.15,59.24 1 1
github.com/adobe/butler/cmd/butler/main.go:60.15,61.24 1 1
github.com/adobe/butler/cmd/butler/main.go:62.15,63.24 1 1
github.com/adobe/butler/cmd/butler/main.go:64.10,66.23 2 1
github.com/adobe/butler/cmd/butler/main.go:70.13,99.18 6 0
github.com/adobe/butler/cmd/butler/main.go:99.18,102.3 2 0
github.com/adobe/butler/cmd/butler/main.go:106.2,106.17 1 0
github.com/adobe/butler/cmd/butler/main.go:106.17,109.3 2 0
github.com/adobe/butler/cmd/butler/main.go:111.2,111.23 1 0
github.com/adobe/butler/cmd/butler/main.go:111.23,113.3 1 0
github.com/adobe/butler/cmd/butler/main.go:115.2,118.39 3 0
github.com/adobe/butler/cmd/butler/main.go:118.39,120.3 1 0
github.com/adobe/butler/cmd/butler/main.go:122.2,128.16 3 0
github.com/adobe/butler/cmd/butler/main.go:128.16,130.3 1 0
github.com/adobe/butler/cmd/butler/main.go:132.2,132.21 1 0
github.com/adobe/butler/cmd/butler/main.go:133.23,136.34 3 0
github.com/adobe/butler/cmd/butler/main.go:136.34,137.103 1 0
github.com/adobe/butler/cmd/butler/main.go:137.104,138.5 0 0
github.com/adobe/butler/cmd/butler/main.go:138.10,140.5 1 0
github.com/adobe/butler/cmd/butler/main.go:141.4,141.33 1 0
github.com/adobe/butler/cmd/butler/main.go:142.40,146.10 4 0
github.com/adobe/butler/cmd/butler/main.go:147.12,148.82 1 0
github.com/adobe/butler/cmd/butler/main.go:152.3,153.32 2 0
github.com/adobe/butler/cmd/butler/main.go:153.32,155.4 1 0
github.com/adobe/butler/cmd/butler/main.go:156.3,161.32 4 0
github.com/adobe/butler/cmd/butler/main.go:161.32,163.4 1 0
github.com/adobe/butler/cmd/butler/main.go:164.3,169.37 4 0
github.com/adobe/butler/cmd/butler/main.go:169.37,171.4 1 0
github.com/adobe/butler/cmd/butler/main.go:172.3,173.37 2 0
github.com/adobe/butler/cmd/butler/main.go:173.37,175.4 1 0
github.com/adobe/butler/cmd/butler/main.go:176.3,179.25 4 0
github.com/adobe/butler/cmd/butler/main.go:180.12,182.28 2 0
github.com/adobe/butler/cmd/butler/main.go:182.28,184.4 1 0
github.com/adobe/butler/cmd/butler/main.go:185.3,186.24 2 0
github.com/adobe/butler/cmd/butler/main.go:186.24,188.4 1 0
github.com/adobe/butler/cmd/butler/main.go:188.9,190.4 1 0
github.com/adobe/butler/cmd/butler/main.go:192.3,193.28 2 0
github.com/adobe/butler/cmd/butler/main.go:193.28,195.4 1 0
github.com/adobe/butler/cmd/butler/main.go:195.9,197.4 1 0
github.com/adobe/butler/cmd/butler/main.go:199.3,200.25 2 0
github.com/adobe/butler/cmd/butler/main.go:200.25,202.4 1 0
github.com/adobe/butler/cmd/butler/main.go:202.9,204.4 1 0
github.com/adobe/butler/cmd/butler/main.go:205.3,210.25 6 0
github.com/adobe/butler/cmd/butler/main.go:211.14,214.23 3 0
github.com/adobe/butler/cmd/butler/main.go:214.23,216.4 1 0
github.com/adobe/butler/cmd/butler/main.go:216.9,218.4 1 0
github.com/adobe/butler/cmd/butler/main.go:219.3,220.24 2 0
github.com/adobe/butler/cmd/butler/main.go:220.24,222.4 1 0
github.com/adobe/butler/cmd/butler/main.go:222.9,224.4 1 0
github.com/adobe/butler/cmd/butler/main.go:225.3,225.25 1 0
github.com/adobe/butler/cmd/butler/main.go:226.14,232.33 6 0
github.com/adobe/butler/cmd/butler/main.go:232.33,234.4 1 0
github.com/adobe/butler/cmd/butler/main.go:235.3,238.25 4 0
github.com/adobe/butler/cmd/butler/main.go:239.14,241.25 2 0
github.com/adobe/butler/cmd/butler/main.go:242.10,244.25 2 0
github.com/adobe/butler/cmd/butler/main.go:248.2,249.28 2 0
github.com/adobe/butler/cmd/butler/main.go:249.28,251.3 1 0
github.com/adobe/butler/cmd/butler/main.go:252.2,256.33 3 0
github.com/adobe/butler/cmd/butler/main.go:256.33,258.3 1 0
github.com/adobe/butler/cmd/butler/main.go:263.2,263.6 1 0
github.com/adobe/butler/cmd/butler/main.go:263.6,268.17 4 0
github.com/adobe/butler/cmd/butler/main.go:268.17,269.21 1 0
github.com/adobe/butler/cmd/butler/main.go:269.21,271.5 1 0
github.com/adobe/butler/cmd/butler/main.go:272.4,273.31 2 0
github.com/adobe/butler/cmd/butler/main.go:274.9,276.9 2 0
github.com/adobe/butler/cmd/butler/main.go:281.2,296.19 11 0
github.com/adobe/butler/cmd/butler/main.go:296.19,298.3 1 0
github.com/adobe/butler/cmd/butler/main.go:298.8,300.3 1 0
mode: set
github.com/adobe/butler/internal/config/chan.go:53.47,60.27 4 0
github.com/adobe/butler/internal/config/chan.go:60.27,61.31 1 0
github.com/adobe/butler/internal/config/chan.go:61.31,62.18 1 0
github.com/adobe/butler/internal/config/chan.go:62.18,64.5 1 0
github.com/adobe/butler/internal/config/chan.go:67.2,68.12 2 0
github.com/adobe/butler/internal/config/chan.go:74.49,76.27 2 0
github.com/adobe/butler/internal/config/chan.go:76.27,77.31 1 0
github.com/adobe/butler/internal/config/chan.go:77.31,80.4 2 0
github.com/adobe/butler/internal/config/chan.go:83.2,83.22 1 0
github.com/adobe/butler/internal/config/chan.go:83.22,85.3 1 0
github.com/adobe/butler/internal/config/chan.go:86.2,86.12 1 0
github.com/adobe/butler/internal/config/chan.go:92.53,100.27 3 0
github.com/adobe/butler/internal/config/chan.go:100.27,101.31 1 0
github.com/adobe/butler/internal/config/chan.go:101.31,104.4 2 0
github.com/adobe/butler/internal/config/chan.go:111.2,112.25 2 0
github.com/adobe/butler/internal/config/chan.go:112.25,114.3 1 0
github.com/adobe/butler/internal/config/chan.go:115.2,116.12 2 0
github.com/adobe/butler/internal/config/chan.go:120.81,122.19 1 0
github.com/adobe/butler/internal/config/chan.go:122.19,124.3 1 0
github.com/adobe/butler/internal/config/chan.go:125.2,125.32 1 0
github.com/adobe/butler/internal/config/chan.go:125.32,131.3 5 0
github.com/adobe/butler/internal/config/chan.go:132.2,133.12 2 0
github.com/adobe/butler/internal/config/chan.go:137.81,139.19 1 0
github.com/adobe/butler/internal/config/chan.go:139.19,141.3 1 0
github.com/adobe/butler/internal/config/chan.go:142.2,142.32 1 0
github.com/adobe/butler/internal/config/chan.go:142.32,148.3 5 0
github.com/adobe/butler/internal/config/chan.go:149.2,150.12 2 0
github.com/adobe/butler/internal/config/chan.go:153.86,154.31 1 0
github.com/adobe/butler/internal/config/chan.go:154.31,156.3 1 0
github.com/adobe/butler/internal/config/chan.go:157.2,157.12 1 0
github.com/adobe/butler/internal/config/chan.go:160.85,166.27 2 0
github.com/adobe/butler/internal/config/chan.go:166.27,167.44 1 0
github.com/adobe/butler/internal/config/chan.go:167.44,169.4 1 0
github.com/adobe/butler/internal/config/chan.go:172.2,173.16 2 0
github.com/adobe/butler/internal/config/chan.go:173.16,178.3 4 0
github.com/adobe/butler/internal/config/chan.go:178.8,180.36 1 0
github.com/adobe/butler/internal/config/chan.go:180.36,181.40 1 0
github.com/adobe/butler/internal/config/chan.go:181.40,182.20 1 0
github.com/adobe/butler/internal/config/chan.go:182.20,184.20 2 0
github.com/adobe/butler/internal/config/chan.go:184.20,190.7 5 0
github.com/adobe/butler/internal/config/chan.go:191.6,192.20 2 0
github.com/adobe/butler/internal/config/chan.go:192.20,198.7 5 0
github.com/adobe/butler/internal/config/chan.go:199.6,200.11 2 0
github.com/adobe/butler/internal/config/chan.go:205.2,207.67 3 0
github.com/adobe/butler/internal/config/chan.go:210.74,217.38 4 0
github.com/adobe/butler/internal/config/chan.go:217.38,219.50 2 0
github.com/adobe/butler/internal/config/chan.go:219.50,221.4 1 0
github.com/adobe/butler/internal/config/chan.go:223.2,223.19 1 0
github.com/adobe/butler/internal/config/config.go:58.44,59.18 1 1
github.com/adobe/butler/internal/config/config.go:60.23,62.69 2 1
github.com/adobe/butler/internal/config/config.go:66.45,67.18 1 1
github.com/adobe/butler/internal/config/config.go:68.23,70.30 2 1
github.com/adobe/butler/internal/config/config.go:74.49,75.18 1 1
github.com/adobe/butler/internal/config/config.go:76.23,77.63 1 1
github.com/adobe/butler/internal/config/config.go:81.49,82.18 1 1
github.com/adobe/butler/internal/config/config.go:83.23,84.63 1 1
github.com/adobe/butler/internal/config/config.go:88.69,93.31 2 1
github.com/adobe/butler/internal/config/config.go:93.31,95.3 1 1
github.com/adobe/butler/internal/config/config.go:95.8,98.3 2 0
github.com/adobe/butler/internal/config/config.go:99.2,99.22 1 1
github.com/adobe/butler/internal/config/config.go:102.59,115.16 5 0
github.com/adobe/butler/internal/config/config.go:115.16,118.3 2 0
github.com/adobe/butler/internal/config/config.go:120.2,124.16 3 0
github.com/adobe/butler/internal/config/config.go:124.16,126.3 1 0
github.com/adobe/butler/internal/config/config.go:127.2,131.32 3 0
github.com/adobe/butler/internal/config/config.go:131.32,133.3 1 0
github.com/adobe/butler/internal/config/config.go:133.8,133.40 1 0
github.com/adobe/butler/internal/config/config.go:133.40,135.3 1 0
github.com/adobe/butler/internal/config/config.go:135.8,137.3 1 0
github.com/adobe/butler/internal/config/config.go:139.2,140.31 2 0
github.com/adobe/butler/internal/config/config.go:140.31,143.3 2 0
github.com/adobe/butler/internal/config/config.go:143.8,145.3 1 0
github.com/adobe/butler/internal/config/config.go:147.2,148.37 2 0
github.com/adobe/butler/internal/config/config.go:148.37,150.3 1 0
github.com/adobe/butler/internal/config/config.go:152.2,153.32 2 0
github.com/adobe/butler/internal/config/config.go:153.32,156.3 1 0
github.com/adobe/butler/internal/config/config.go:156.8,156.40 1 0
github.com/adobe/butler/internal/config/config.go:156.40,159.3 1 0
github.com/adobe/butler/internal/config/config.go:159.8,162.3 1 0
github.com/adobe/butler/internal/config/config.go:165.2,166.22 2 0
github.com/adobe/butler/internal/config/config.go:166.22,168.3 1 0
github.com/adobe/butler/internal/config/config.go:168.8,170.3 1 0
github.com/adobe/butler/internal/config/config.go:172.2,173.83 2 0
github.com/adobe/butler/internal/config/config.go:173.83,175.3 1 0
github.com/adobe/butler/internal/config/config.go:177.2,177.41 1 0
github.com/adobe/butler/internal/config/config.go:177.41,180.78 3 0
github.com/adobe/butler/internal/config/config.go:180.78,181.36 1 0
github.com/adobe/butler/internal/config/config.go:181.36,183.5 1 0
github.com/adobe/butler/internal/config/config.go:183.10,186.5 2 0
github.com/adobe/butler/internal/config/config.go:191.2,191.38 1 0
github.com/adobe/butler/internal/config/config.go:191.38,192.35 1 0
github.com/adobe/butler/internal/config/config.go:192.35,194.4 1 0
github.com/adobe/butler/internal/config/config.go:194.9,197.4 2 0
github.com/adobe/butler/internal/config/config.go:200.2,202.48 2 0
github.com/adobe/butler/internal/config/config.go:202.48,204.26 2 0
github.com/adobe/butler/internal/config/config.go:204.26,205.36 1 0
github.com/adobe/butler/internal/config/config.go:205.36,207.5 1 0
github.com/adobe/butler/internal/config/config.go:207.10,211.5 3 0
github.com/adobe/butler/internal/config/config.go:212.9,214.18 2 0
github.com/adobe/butler/internal/config/config.go:214.18,215.37 1 0
github.com/adobe/butler/internal/config/config.go:215.37,217.6 1 0
github.com/adobe/butler/internal/config/config.go:217.11,221.6 3 0
github.com/adobe/butler/internal/config/config.go:227.2,231.31 3 0
github.com/adobe/butler/internal/config/config.go:231.31,232.29 1 0
github.com/adobe/butler/internal/config/config.go:232.29,237.60 4 0
github.com/adobe/butler/internal/config/config.go:237.60,239.5 1 0
github.com/adobe/butler/internal/config/config.go:239.10,241.5 1 0
github.com/adobe/butler/internal/config/config.go:242.4,243.56 2 0
github.com/adobe/butler/internal/config/config.go:243.56,247.5 3 0
github.com/adobe/butler/internal/config/config.go:251.4,254.59 4 0
github.com/adobe/butler/internal/config/config.go:254.59,261.5 6 0
github.com/adobe/butler/internal/config/config.go:265.2,265.12 1 0
github.com/adobe/butler/internal/config/handler.go:54.51,59.28 3 1
github.com/adobe/butler/internal/config/handler.go:59.28,63.3 3 0
github.com/adobe/butler/internal/config/handler.go:63.8,66.3 2 1
github.com/adobe/butler/internal/config/handler.go:67.2,67.12 1 1
github.com/adobe/butler/internal/config/handler.go:70.41,72.2 1 1
github.com/adobe/butler/internal/config/handler.go:74.49,79.2 4 1
github.com/adobe/butler/internal/config/handler.go:81.70,84.2 2 1
github.com/adobe/butler/internal/config/handler.go:86.39,88.2 1 1
github.com/adobe/butler/internal/config/handler.go:90.39,92.2 1 1
github.com/adobe/butler/internal/config/handler.go:94.40,96.2 1 1
github.com/adobe/butler/internal/config/handler.go:98.44,100.2 1 0
github.com/adobe/butler/internal/config/handler.go:102.51,104.2 1 0
github.com/adobe/butler/internal/config/handler.go:106.50,110.2 3 0
github.com/adobe/butler/internal/config/handler.go:112.45,114.2 1 0
github.com/adobe/butler/internal/config/handler.go:116.52,119.2 2 0
github.com/adobe/butler/internal/config/handler.go:121.49,123.2 1 0
github.com/adobe/butler/internal/config/handler.go:125.56,128.2 2 0
github.com/adobe/butler/internal/config/handler.go:130.43,132.2 1 0
github.com/adobe/butler/internal/config/handler.go:134.49,138.2 3 0
github.com/adobe/butler/internal/config/handler.go:140.54,145.2 4 0
github.com/adobe/butler/internal/config/handler.go:147.49,149.2 1 0
github.com/adobe/butler/internal/config/handler.go:151.38,156.16 4 1
github.com/adobe/butler/internal/config/handler.go:156.16,159.3 2 0
github.com/adobe/butler/internal/config/handler.go:161.2,165.12 4 1
github.com/adobe/butler/internal/config/handler.go:168.41,172.16 3 1
github.com/adobe/butler/internal/config/handler.go:172.16,178.3 5 1
github.com/adobe/butler/internal/config/handler.go:179.2,181.45 2 1
github.com/adobe/butler/internal/config/handler.go:181.45,188.3 6 1
github.com/adobe/butler/internal/config/handler.go:190.2,191.16 2 0
github.com/adobe/butler/internal/config/handler.go:191.16,198.3 6 0
github.com/adobe/butler/internal/config/handler.go:200.2,201.16 2 0
github.com/adobe/butler/internal/config/handler.go:201.16,204.3 2 0
github.com/adobe/butler/internal/config/handler.go:206.2,206.25 1 0
github.com/adobe/butler/internal/config/handler.go:206.25,208.17 2 0
github.com/adobe/butler/internal/config/handler.go:208.17,209.39 1 0
github.com/adobe/butler/internal/config/handler.go:209.39,211.5 1 0
github.com/adobe/butler/internal/config/handler.go:211.10,214.5 2 0
github.com/adobe/butler/internal/config/handler.go:215.9,218.4 2 0
github.com/adobe/butler/internal/config/handler.go:221.2,221.38 1 0
github.com/adobe/butler/internal/config/handler.go:221.38,223.17 2 0
github.com/adobe/butler/internal/config/handler.go:223.17,224.39 1 0
github.com/adobe/butler/internal/config/handler.go:224.39,226.5 1 0
github.com/adobe/butler/internal/config/handler.go:226.10,229.5 2 0
github.com/adobe/butler/internal/config/handler.go:230.9,233.4 2 0
github.com/adobe/butler/internal/config/handler.go:234.8,235.19 1 0
github.com/adobe/butler/internal/config/handler.go:235.19,237.4 1 0
github.com/adobe/butler/internal/config/handler.go:241.2,244.17 2 0
github.com/adobe/butler/internal/config/handler.go:244.17,246.3 1 0
github.com/adobe/butler/internal/config/handler.go:246.8,249.34 1 0
github.com/adobe/butler/internal/config/handler.go:249.34,253.4 3 0
github.com/adobe/butler/internal/config/handler.go:256.3,256.86 1 0
github.com/adobe/butler/internal/config/handler.go:256.86,263.4 6 0
github.com/adobe/butler/internal/config/handler.go:265.2,268.12 4 0
github.com/adobe/butler/internal/config/handler.go:271.65,275.2 3 0
github.com/adobe/butler/internal/config/handler.go:277.46,288.37 6 0
github.com/adobe/butler/internal/config/handler.go:288.37,293.66 4 0
github.com/adobe/butler/internal/config/handler.go:293.66,297.14 4 0
github.com/adobe/butler/internal/config/handler.go:297.14,299.5 1 0
github.com/adobe/butler/internal/config/handler.go:300.4,303.62 4 0
github.com/adobe/butler/internal/config/handler.go:304.9,310.4 3 0
github.com/adobe/butler/internal/config/handler.go:311.3,311.25 1 0
github.com/adobe/butler/internal/config/handler.go:314.2,314.29 1 0
github.com/adobe/butler/internal/config/handler.go:314.29,318.38 2 0
github.com/adobe/butler/internal/config/handler.go:318.38,320.53 2 0
github.com/adobe/butler/internal/config/handler.go:320.53,323.19 3 0
github.com/adobe/butler/internal/config/handler.go:323.19,324.29 1 0
github.com/adobe/butler/internal/config/handler.go:325.36,328.52 2 0
github.com/adobe/butler/internal/config/handler.go:328.52,332.8 1 0
github.com/adobe/butler/internal/config/handler.go:332.13,335.22 3 0
github.com/adobe/butler/internal/config/handler.go:335.22,337.9 1 0
github.com/adobe/butler/internal/config/handler.go:338.8,339.40 2 0
github.com/adobe/butler/internal/config/handler.go:339.40,341.9 1 0
github.com/adobe/butler/internal/config/handler.go:344.11,346.20 2 0
github.com/adobe/butler/internal/config/handler.go:346.20,348.7 1 0
github.com/adobe/butler/internal/config/handler.go:349.6,350.23 2 0
github.com/adobe/butler/internal/config/handler.go:350.23,353.7 2 0
github.com/adobe/butler/internal/config/handler.go:357.8,359.35 2 0
github.com/adobe/butler/internal/config/handler.go:359.35,363.18 4 0
github.com/adobe/butler/internal/config/handler.go:363.18,364.28 1 0
github.com/adobe/butler/internal/config/handler.go:365.35,367.53 2 0
github.com/adobe/butler/internal/config/handler.go:367.53,371.7 1 0
github.com/adobe/butler/internal/config/handler.go:371.12,374.21 3 0
github.com/adobe/butler/internal/config/handler.go:374.21,376.8 1 0
github.com/adobe/butler/internal/config/handler.go:377.7,378.43 2 0
github.com/adobe/butler/internal/config/handler.go:378.43,380.8 1 0
github.com/adobe/butler/internal/config/handler.go:383.10,385.19 2 0
github.com/adobe/butler/internal/config/handler.go:385.19,387.6 1 0
github.com/adobe/butler/internal/config/handler.go:388.5,389.24 2 0
github.com/adobe/butler/internal/config/handler.go:389.24,392.6 2 0
github.com/adobe/butler/internal/config/handler.go:396.2,398.12 3 0
github.com/adobe/butler/internal/config/handler.go:401.59,403.2 1 0
github.com/adobe/butler/internal/config/handler.go:405.55,407.2 1 0
github.com/adobe/butler/internal/config/handler.go:409.48,411.2 1 0
github.com/adobe/butler/internal/config/handler.go:413.44,415.39 2 0
github.com/adobe/butler/internal/config/handler.go:415.39,416.42 1 0
github.com/adobe/butler/internal/config/handler.go:416.42,418.42 2 0
github.com/adobe/butler/internal/config/handler.go:418.42,420.19 2 0
github.com/adobe/butler/internal/config/handler.go:420.19,423.6 2 0
github.com/adobe/butler/internal/config/handler.go:424.5,426.27 3 0
github.com/adobe/butler/internal/config/handler.go:430.3,430.19 1 0
github.com/adobe/butler/internal/config/handler.go:430.19,432.18 2 0
github.com/adobe/butler/internal/config/handler.go:432.18,435.5 2 0
github.com/adobe/butler/internal/config/handler.go:438.2,438.12 1 0
github.com/adobe/butler/internal/config/helpers.go:42.35,46.33 2 1
github.com/adobe/butler/internal/config/helpers.go:46.33,47.30 1 1
github.com/adobe/butler/internal/config/helpers.go:47.30,49.4 1 1
github.com/adobe/butler/internal/config/helpers.go:52.2,52.14 1 1
github.com/adobe/butler/internal/config/helpers.go:59.47,68.23 4 0
github.com/adobe/butler/internal/config/helpers.go:69.16,73.17 3 0
github.com/adobe/butler/internal/config/helpers.go:73.17,76.4 2 0
github.com/adobe/butler/internal/config/helpers.go:77.3,80.17 3 0
github.com/adobe/butler/internal/config/helpers.go:80.17,83.4 2 0
github.com/adobe/butler/internal/config/helpers.go:85.3,87.17 3 0
github.com/adobe/butler/internal/config/helpers.go:87.17,90.4 2 0
github.com/adobe/butler/internal/config/helpers.go:92.3,92.31 1 0
github.com/adobe/butler/internal/config/helpers.go:93.14,95.31 2 0
github.com/adobe/butler/internal/config/helpers.go:96.10,97.129 1 0
github.com/adobe/butler/internal/config/helpers.go:100.2,100.32 1 0
github.com/adobe/butler/internal/config/helpers.go:100.32,102.3 1 0
github.com/adobe/butler/internal/config/helpers.go:102.8,104.3 1 0
github.com/adobe/butler/internal/config/helpers.go:106.2,106.27 1 0
github.com/adobe/butler/internal/config/helpers.go:107.14,108.44 1 0
github.com/adobe/butler/internal/config/helpers.go:109.14,110.44 1 0
github.com/adobe/butler/internal/config/helpers.go:111.14,112.44 1 0
github.com/adobe/butler/internal/config/helpers.go:113.10,114.64 1 0
github.com/adobe/butler/internal/config/helpers.go:117.2,117.16 1 0
github.com/adobe/butler/internal/config/helpers.go:117.16,120.3 2 0
github.com/adobe/butler/internal/config/helpers.go:123.2,124.16 2 0
github.com/adobe/butler/internal/config/helpers.go:124.16,126.3 1 0
github.com/adobe/butler/internal/config/helpers.go:127.2,127.12 1 0
github.com/adobe/butler/internal/config/helpers.go:130.46,131.20 1 1
github.com/adobe/butler/internal/config/helpers.go:132.20,133.14 1 1
github.com/adobe/butler/internal/config/helpers.go:134.20,135.14 1 1
github.com/adobe/butler/internal/config/helpers.go:136.10,137.15 1 1
github.com/adobe/butler/internal/config/helpers.go:141.55,149.26 2 0
github.com/adobe/butler/internal/config/helpers.go:150.16,152.17 2 0
github.com/adobe/butler/internal/config/helpers.go:152.17,154.4 1 0
github.com/adobe/butler/internal/config/helpers.go:155.3,156.22 2 0
github.com/adobe/butler/internal/config/helpers.go:156.22,159.38 3 0
github.com/adobe/butler/internal/config/helpers.go:159.38,162.5 2 0
github.com/adobe/butler/internal/config/helpers.go:164.3,164.38 1 0
github.com/adobe/butler/internal/config/helpers.go:164.38,167.4 2 0
github.com/adobe/butler/internal/config/helpers.go:168.3,171.17 3 0
github.com/adobe/butler/internal/config/helpers.go:171.17,173.4 1 0
github.com/adobe/butler/internal/config/helpers.go:174.3,177.17 4 0
github.com/adobe/butler/internal/config/helpers.go:177.17,179.4 1 0
github.com/adobe/butler/internal/config/helpers.go:180.3,180.14 1 0
github.com/adobe/butler/internal/config/helpers.go:181.10,182.13 1 0
github.com/adobe/butler/internal/config/helpers.go:186.55,200.21 6 1
github.com/adobe/butler/internal/config/helpers.go:200.21,203.18 2 1
github.com/adobe/butler/internal/config/helpers.go:203.18,204.34 1 1
github.com/adobe/butler/internal/config/helpers.go:204.34,206.5 1 1
github.com/adobe/butler/internal/config/helpers.go:207.4,207.23 1 1
github.com/adobe/butler/internal/config/helpers.go:211.2,211.32 1 1
github.com/adobe/butler/internal/config/helpers.go:211.32,212.33 1 1
github.com/adobe/butler/internal/config/helpers.go:212.33,214.4 1 1
github.com/adobe/butler/internal/config/helpers.go:217.2,217.38 1 1
github.com/adobe/butler/internal/config/helpers.go:217.38,219.3 1 1
github.com/adobe/butler/internal/config/helpers.go:219.8,219.27 1 1
github.com/adobe/butler/internal/config/helpers.go:219.27,221.3 1 1
github.com/adobe/butler/internal/config/helpers.go:221.8,221.27 1 1
github.com/adobe/butler/internal/config/helpers.go:221.27,223.3 1 1
github.com/adobe/butler/internal/config/helpers.go:223.8,225.3 1 1
github.com/adobe/butler/internal/config/helpers.go:228.55,235.16 3 1
github.com/adobe/butler/internal/config/helpers.go:235.16,238.3 2 0
github.com/adobe/butler/internal/config/helpers.go:240.2,241.16 2 1
github.com/adobe/butler/internal/config/helpers.go:241.16,244.3 2 1
github.com/adobe/butler/internal/config/helpers.go:245.2,245.12 1 1
github.com/adobe/butler/internal/config/helpers.go:248.55,256.16 3 1
github.com/adobe/butler/internal/config/helpers.go:256.16,259.3 2 0
github.com/adobe/butler/internal/config/helpers.go:261.2,262.16 2 1
github.com/adobe/butler/internal/config/helpers.go:262.16,265.3 2 1
github.com/adobe/butler/internal/config/helpers.go:267.2,268.16 2 1
github.com/adobe/butler/internal/config/helpers.go:268.16,271.3 2 1
github.com/adobe/butler/internal/config/helpers.go:272.2,272.12 1 1
github.com/adobe/butler/internal/config/helpers.go:275.43,278.37 3 1
github.com/adobe/butler/internal/config/helpers.go:278.37,280.3 1 1
github.com/adobe/butler/internal/config/helpers.go:280.8,280.44 1 1
github.com/adobe/butler/internal/config/helpers.go:280.44,282.3 1 1
github.com/adobe/butler/internal/config/helpers.go:282.8,282.43 1 1
github.com/adobe/butler/internal/config/helpers.go:282.43,284.3 1 1
github.com/adobe/butler/internal/config/helpers.go:284.8,286.3 1 1
github.com/adobe/butler/internal/config/helpers.go:287.2,287.15 1 1
github.com/adobe/butler/internal/config/helpers.go:290.67,296.26 3 1
github.com/adobe/butler/internal/config/helpers.go:296.26,298.14 2 1
github.com/adobe/butler/internal/config/helpers.go:298.14,299.12 1 0
github.com/adobe/butler/internal/config/helpers.go:301.3,302.28 2 1
github.com/adobe/butler/internal/config/helpers.go:302.28,304.12 2 0
github.com/adobe/butler/internal/config/helpers.go:306.3,308.18 3 1
github.com/adobe/butler/internal/config/helpers.go:310.2,310.18 1 1
github.com/adobe/butler/internal/config/helpers.go:313.56,320.22 3 0
github.com/adobe/butler/internal/config/helpers.go:320.22,321.33 1 0
github.com/adobe/butler/internal/config/helpers.go:321.33,323.4 1 0
github.com/adobe/butler/internal/config/helpers.go:327.2,327.31 1 0
github.com/adobe/butler/internal/config/helpers.go:327.31,328.17 1 0
github.com/adobe/butler/internal/config/helpers.go:328.17,330.4 1 0
github.com/adobe/butler/internal/config/helpers.go:332.2,332.13 1 0
github.com/adobe/butler/internal/config/helpers.go:337.69,339.16 2 0
github.com/adobe/butler/internal/config/helpers.go:339.16,341.3 1 0
github.com/adobe/butler/internal/config/helpers.go:343.2,346.16 3 0
github.com/adobe/butler/internal/config/helpers.go:346.16,348.3 1 0
github.com/adobe/butler/internal/config/helpers.go:349.2,351.16 3 0
github.com/adobe/butler/internal/config/helpers.go:351.16,353.3 1 0
github.com/adobe/butler/internal/config/helpers.go:354.2,354.12 1 0
github.com/adobe/butler/internal/config/helpers.go:357.64,361.12 3 0
github.com/adobe/butler/internal/config/helpers.go:361.12,362.17 1 0
github.com/adobe/butler/internal/config/helpers.go:362.17,364.4 1 0
github.com/adobe/butler/internal/config/helpers.go:365.3,367.17 3 0
github.com/adobe/butler/internal/config/helpers.go:367.17,371.4 3 0
github.com/adobe/butler/internal/config/helpers.go:372.3,373.14 2 0
github.com/adobe/butler/internal/config/helpers.go:374.8,376.3 1 0
github.com/adobe/butler/internal/config/helpers.go:381.45,391.16 3 0
github.com/adobe/butler/internal/config/helpers.go:391.16,393.3 1 0
github.com/adobe/butler/internal/config/helpers.go:394.2,399.21 3 0
github.com/adobe/butler/internal/config/helpers.go:399.21,402.37 3 0
github.com/adobe/butler/internal/config/helpers.go:402.37,405.4 2 0
github.com/adobe/butler/internal/config/helpers.go:408.2,408.37 1 0
github.com/adobe/butler/internal/config/helpers.go:408.37,410.3 1 0
github.com/adobe/butler/internal/config/helpers.go:413.2,413.39 1 0
github.com/adobe/butler/internal/config/helpers.go:413.39,415.3 1 0
github.com/adobe/butler/internal/config/helpers.go:415.8,417.3 1 0
github.com/adobe/butler/internal/config/helpers.go:418.2,418.16 1 0
github.com/adobe/butler/internal/config/helpers.go:418.16,420.3 1 0
github.com/adobe/butler/internal/config/helpers.go:422.2,425.16 4 0
github.com/adobe/butler/internal/config/helpers.go:425.16,427.3 1 0
github.com/adobe/butler/internal/config/helpers.go:428.2,428.13 1 0
github.com/adobe/butler/internal/config/helpers.go:435.57,437.24 2 0
github.com/adobe/butler/internal/config/helpers.go:437.24,439.3 1 0
github.com/adobe/butler/internal/config/helpers.go:440.2,441.29 2 0
github.com/adobe/butler/internal/config/helpers.go:441.29,443.17 2 0
github.com/adobe/butler/internal/config/helpers.go:443.17,447.4 3 0
github.com/adobe/butler/internal/config/helpers.go:447.9,449.4 1 0
github.com/adobe/butler/internal/config/helpers.go:451.2,454.12 4 0
github.com/adobe/butler/internal/config/helpers.go:461.82,463.24 1 0
github.com/adobe/butler/internal/config/helpers.go:463.24,464.17 1 0
github.com/adobe/butler/internal/config/helpers.go:464.17,466.31 2 0
github.com/adobe/butler/internal/config/helpers.go:466.31,469.5 2 0
github.com/adobe/butler/internal/config/helpers.go:470.4,470.146 1 0
github.com/adobe/butler/internal/config/helpers.go:472.3,474.13 3 0
github.com/adobe/butler/internal/config/helpers.go:477.2,478.29 2 0
github.com/adobe/butler/internal/config/helpers.go:478.29,482.17 3 0
github.com/adobe/butler/internal/config/helpers.go:482.17,484.12 2 0
github.com/adobe/butler/internal/config/helpers.go:485.9,487.18 2 0
github.com/adobe/butler/internal/config/helpers.go:487.18,489.13 2 0
github.com/adobe/butler/internal/config/helpers.go:490.10,493.5 2 0
github.com/adobe/butler/internal/config/helpers.go:496.2,499.12 4 0
github.com/adobe/butler/internal/config/helpers.go:502.77,508.16 3 1
github.com/adobe/butler/internal/config/helpers.go:508.16,510.3 1 0
github.com/adobe/butler/internal/config/helpers.go:512.2,513.31 2 1
github.com/adobe/butler/internal/config/helpers.go:513.31,515.3 1 1
github.com/adobe/butler/internal/config/helpers.go:516.2,516.46 1 1
github.com/adobe/butler/internal/config/helpers.go:517.38,518.61 1 1
github.com/adobe/butler/internal/config/helpers.go:519.10,521.41 2 0
github.com/adobe/butler/internal/config/helpers.go:524.2,528.29 2 1
github.com/adobe/butler/internal/config/helpers.go:528.29,530.3 1 1
github.com/adobe/butler/internal/config/helpers.go:532.2,532.36 1 1
github.com/adobe/butler/internal/config/helpers.go:532.36,535.3 2 1
github.com/adobe/butler/internal/config/helpers.go:537.2,537.39 1 1
github.com/adobe/butler/internal/config/helpers.go:537.39,539.3 1 1
github.com/adobe/butler/internal/config/helpers.go:541.2,542.42 2 1
github.com/adobe/butler/internal/config/helpers.go:542.42,544.16 2 1
github.com/adobe/butler/internal/config/helpers.go:544.16,545.12 1 0
github.com/adobe/butler/internal/config/helpers.go:546.9,548.4 1 1
github.com/adobe/butler/internal/config/helpers.go:550.2,555.36 4 1
github.com/adobe/butler/internal/config/helpers.go:555.36,557.3 1 1
github.com/adobe/butler/internal/config/helpers.go:559.2,561.32 3 1
github.com/adobe/butler/internal/config/helpers.go:561.32,564.3 1 1
github.com/adobe/butler/internal/config/helpers.go:564.8,567.3 1 0
github.com/adobe/butler/internal/config/helpers.go:569.2,571.16 3 1
github.com/adobe/butler/internal/config/helpers.go:571.16,573.3 1 0
github.com/adobe/butler/internal/config/helpers.go:574.2,576.22 2 1
github.com/adobe/butler/internal/config/helpers.go:579.63,590.16 6 1
github.com/adobe/butler/internal/config/helpers.go:590.16,592.3 1 0
github.com/adobe/butler/internal/config/helpers.go:594.2,594.24 1 1
github.com/adobe/butler/internal/config/helpers.go:594.24,597.3 2 1
github.com/adobe/butler/internal/config/helpers.go:599.2,600.29 2 1
github.com/adobe/butler/internal/config/helpers.go:600.29,602.3 1 1
github.com/adobe/butler/internal/config/helpers.go:602.8,602.37 1 0
github.com/adobe/butler/internal/config/helpers.go:602.37,604.3 1 0
github.com/adobe/butler/internal/config/helpers.go:604.8,606.3 1 0
github.com/adobe/butler/internal/config/helpers.go:608.2,609.30 2 1
github.com/adobe/butler/internal/config/helpers.go:609.30,611.3 1 0
github.com/adobe/butler/internal/config/helpers.go:611.8,613.3 1 1
github.com/adobe/butler/internal/config/helpers.go:615.2,616.35 2 1
github.com/adobe/butler/internal/config/helpers.go:616.35,618.3 1 0
github.com/adobe/butler/internal/config/helpers.go:618.8,620.3 1 1
github.com/adobe/butler/internal/config/helpers.go:622.2,623.44 2 1
github.com/adobe/butler/internal/config/helpers.go:623.44,626.3 2 0
github.com/adobe/butler/internal/config/helpers.go:628.2,630.24 3 1
github.com/adobe/butler/internal/config/helpers.go:630.24,633.3 2 0
github.com/adobe/butler/internal/config/helpers.go:635.2,636.30 2 1
github.com/adobe/butler/internal/config/helpers.go:636.30,637.25 1 1
github.com/adobe/butler/internal/config/helpers.go:637.25,639.4 1 1
github.com/adobe/butler/internal/config/helpers.go:640.3,643.17 4 1
github.com/adobe/butler/internal/config/helpers.go:643.17,645.4 1 0
github.com/adobe/butler/internal/config/helpers.go:646.3,646.47 1 1
github.com/adobe/butler/internal/config/helpers.go:649.2,650.16 2 1
github.com/adobe/butler/internal/config/helpers.go:650.16,656.3 4 0
github.com/adobe/butler/internal/config/helpers.go:658.2,659.16 2 1
github.com/adobe/butler/internal/config/helpers.go:659.16,662.3 2 0
github.com/adobe/butler/internal/config/helpers.go:663.2,666.12 4 1
github.com/adobe/butler/internal/config/helpers.go:669.39,681.16 4 1
github.com/adobe/butler/internal/config/helpers.go:681.16,683.3 1 0
github.com/adobe/butler/internal/config/helpers.go:685.2,689.16 3 1
github.com/adobe/butler/internal/config/helpers.go:689.16,691.3 1 0
github.com/adobe/butler/internal/config/helpers.go:692.2,695.43 2 1
github.com/adobe/butler/internal/config/helpers.go:695.43,697.3 1 1
github.com/adobe/butler/internal/config/helpers.go:699.2,703.38 3 1
github.com/adobe/butler/internal/config/helpers.go:703.38,704.35 1 1
github.com/adobe/butler/internal/config/helpers.go:704.35,706.4 1 0
github.com/adobe/butler/internal/config/helpers.go:706.9,709.4 2 1
github.com/adobe/butler/internal/config/helpers.go:712.2,714.48 2 1
github.com/adobe/butler/internal/config/helpers.go:714.48,715.26 1 1
github.com/adobe/butler/internal/config/helpers.go:715.26,716.36 1 0
github.com/adobe/butler/internal/config/helpers.go:716.36,718.5 1 0
github.com/adobe/butler/internal/config/helpers.go:718.10,722.5 3 0
github.com/adobe/butler/internal/config/helpers.go:723.9,725.18 2 1
github.com/adobe/butler/internal/config/helpers.go:725.18,726.37 1 1
github.com/adobe/butler/internal/config/helpers.go:726.37,728.6 1 0
github.com/adobe/butler/internal/config/helpers.go:728.11,732.6 3 1
github.com/adobe/butler/internal/config/helpers.go:737.2,738.12 2 1
github.com/adobe/butler/internal/config/helpers.go:741.69,749.34 5 1
github.com/adobe/butler/internal/config/helpers.go:749.34,751.3 1 1
github.com/adobe/butler/internal/config/helpers.go:751.8,753.3 1 1
github.com/adobe/butler/internal/config/helpers.go:756.44,763.2 4 0
github.com/adobe/butler/internal/config/helpers.go:765.63,771.50 4 1
github.com/adobe/butler/internal/config/helpers.go:771.50,772.65 1 0
github.com/adobe/butler/internal/config/helpers.go:772.65,776.4 2 0
github.com/adobe/butler/internal/config/helpers.go:776.9,779.4 2 0
github.com/adobe/butler/internal/config/helpers.go:781.2,782.26 2 1
github.com/adobe/butler/internal/config/helpers.go:783.23,796.15 13 1
github.com/adobe/butler/internal/config/helpers.go:797.12,801.17 4 0
github.com/adobe/butler/internal/config/helpers.go:801.17,803.4 1 0
github.com/adobe/butler/internal/config/helpers.go:804.14,808.17 4 0
github.com/adobe/butler/internal/config/helpers.go:808.17,810.4 1 0
github.com/adobe/butler/internal/config/helpers.go:811.14,815.17 4 0
github.com/adobe/butler/internal/config/helpers.go:815.17,817.4 1 0
github.com/adobe/butler/internal/config/helpers.go:818.14,822.17 4 0
github.com/adobe/butler/internal/config/helpers.go:822.17,824.4 1 0
github.com/adobe/butler/internal/config/helpers.go:825.10,827.45 2 0
github.com/adobe/butler/internal/config/helpers.go:829.2,829.16 1 1
github.com/adobe/butler/internal/config/helpers.go:832.42,834.2 1 1
github.com/adobe/butler/internal/config/manager.go:69.35,71.24 2 0
github.com/adobe/butler/internal/config/manager.go:71.24,74.3 2 0
github.com/adobe/butler/internal/config/manager.go:74.8,76.3 1 0
github.com/adobe/butler/internal/config/manager.go:79.71,92.16 7 0
github.com/adobe/butler/internal/config/manager.go:92.16,95.3 2 0
github.com/adobe/butler/internal/config/manager.go:96.2,100.38 2 0
github.com/adobe/butler/internal/config/manager.go:100.38,101.49 1 0
github.com/adobe/butler/internal/config/manager.go:101.49,105.16 4 0
github.com/adobe/butler/internal/config/manager.go:105.16,114.13 5 0
github.com/adobe/butler/internal/config/manager.go:115.10,118.5 2 0
github.com/adobe/butler/internal/config/manager.go:119.4,124.67 2 0
github.com/adobe/butler/internal/config/manager.go:124.67,130.13 6 0
github.com/adobe/butler/internal/config/manager.go:131.10,136.5 3 0
github.com/adobe/butler/internal/config/manager.go:142.4,143.150 2 0
github.com/adobe/butler/internal/config/manager.go:143.150,152.13 5 0
github.com/adobe/butler/internal/config/manager.go:153.10,156.5 2 0
github.com/adobe/butler/internal/config/manager.go:161.2,163.12 2 0
github.com/adobe/butler/internal/config/manager.go:166.74,178.38 6 0
github.com/adobe/butler/internal/config/manager.go:178.38,179.52 1 0
github.com/adobe/butler/internal/config/manager.go:179.52,182.16 3 0
github.com/adobe/butler/internal/config/manager.go:182.16,191.13 5 0
github.com/adobe/butler/internal/config/manager.go:192.10,196.5 3 0
github.com/adobe/butler/internal/config/manager.go:204.4,204.67 1 0
github.com/adobe/butler/internal/config/manager.go:204.67,208.13 4 0
github.com/adobe/butler/internal/config/manager.go:209.10,213.5 3 0
github.com/adobe/butler/internal/config/manager.go:219.4,220.150 2 0
github.com/adobe/butler/internal/config/manager.go:220.150,228.13 4 0
github.com/adobe/butler/internal/config/manager.go:229.10,232.5 2 0
github.com/adobe/butler/internal/config/manager.go:237.2,238.12 2 0
github.com/adobe/butler/internal/config/manager.go:242.77,249.22 3 0
github.com/adobe/butler/internal/config/manager.go:249.22,252.3 2 0
github.com/adobe/butler/internal/config/manager.go:254.2,254.45 1 0
github.com/adobe/butler/internal/config/manager.go:254.45,255.19 1 0
github.com/adobe/butler/internal/config/manager.go:255.19,257.4 1 0
github.com/adobe/butler/internal/config/manager.go:260.2,260.12 1 0
github.com/adobe/butler/internal/config/manager.go:260.12,265.3 4 0
github.com/adobe/butler/internal/config/manager.go:266.2,266.12 1 0
github.com/adobe/butler/internal/config/manager.go:269.48,272.37 2 0
github.com/adobe/butler/internal/config/manager.go:272.37,273.54 1 0
github.com/adobe/butler/internal/config/manager.go:273.54,275.4 1 0
github.com/adobe/butler/internal/config/manager.go:276.3,276.57 1 0
github.com/adobe/butler/internal/config/manager.go:276.57,278.4 1 0
github.com/adobe/butler/internal/config/manager.go:280.2,280.15 1 0
github.com/adobe/butler/internal/config/manager.go:283.64,287.2 3 0
github.com/adobe/butler/internal/config/manager.go:289.65,293.2 3 0
github.com/adobe/butler/internal/config/manager.go:295.67,299.2 3 0
github.com/adobe/butler/internal/config/manager.go:301.68,305.2 3 0
github.com/adobe/butler/internal/config/manager.go:307.58,310.2 2 0
github.com/adobe/butler/internal/config/manager.go:312.57,314.2 1 0
github.com/adobe/butler/internal/config/manager.go:316.63,318.2 1 0
github.com/adobe/butler/internal/config/manager.go:320.64,322.2 1 0
github.com/adobe/butler/internal/config/manager.go:324.60,326.2 1 0
github.com/adobe/butler/internal/config/manager.go:328.66,330.2 1 0
github.com/adobe/butler/internal/config/manager.go:332.67,334.2 1 0
github.com/adobe/butler/internal/config/manager.go:337.66,338.31 1 0
github.com/adobe/butler/internal/config/manager.go:338.31,340.17 2 0
github.com/adobe/butler/internal/config/manager.go:340.17,343.4 2 0
github.com/adobe/butler/internal/config/manager.go:345.3,345.53 1 0
github.com/adobe/butler/internal/config/manager.go:345.53,351.4 1 0
github.com/adobe/butler/internal/config/manager.go:353.3,353.27 1 0
github.com/adobe/butler/internal/config/manager.go:353.27,357.4 1 0
github.com/adobe/butler/internal/config/manager.go:359.3,360.17 2 0
github.com/adobe/butler/internal/config/manager.go:360.17,366.4 5 0
github.com/adobe/butler/internal/config/manager.go:367.3,369.17 2 0
github.com/adobe/butler/internal/config/manager.go:369.17,375.4 5 0
github.com/adobe/butler/internal/config/manager.go:376.3,379.46 3 0
github.com/adobe/butler/internal/config/manager.go:379.46,385.4 5 0
github.com/adobe/butler/internal/config/manager.go:387.3,388.17 2 0
github.com/adobe/butler/internal/config/manager.go:388.17,394.4 5 0
github.com/adobe/butler/internal/config/manager.go:395.3,395.17 1 0
github.com/adobe/butler/internal/config/manager.go:396.8,398.3 1 0
github.com/adobe/butler/internal/config/objects.go:34.66,38.2 3 0
github.com/adobe/butler/internal/config/objects.go:40.66,44.2 3 0
github.com/adobe/butler/internal/config/objects.go:46.71,49.2 2 0
github.com/adobe/butler/internal/config/objects.go:61.70,63.35 2 0
github.com/adobe/butler/internal/config/objects.go:63.35,65.3 1 0
github.com/adobe/butler/internal/config/objects.go:67.2,69.38 3 0
github.com/adobe/butler/internal/config/objects.go:69.38,70.55 1 0
github.com/adobe/butler/internal/config/objects.go:70.55,72.4 1 0
github.com/adobe/butler/internal/config/objects.go:74.2,74.15 1 0
github.com/adobe/butler/internal/config/objects.go:104.38,106.2 1 0
github.com/adobe/butler/internal/config/objects.go:108.64,111.2 2 0
github.com/adobe/butler/internal/config/objects.go:113.62,116.2 2 0
github.com/adobe/butler/internal/config/objects.go:118.61,121.2 2 0
github.com/adobe/butler/internal/config/objects.go:123.60,126.2 2 0
github.com/adobe/butler/internal/config/status.go:27.64,33.16 3 0
github.com/adobe/butler/internal/config/status.go:33.16,35.3 1 0
github.com/adobe/butler/internal/config/status.go:37.2,38.16 2 0
github.com/adobe/butler/internal/config/status.go:38.16,40.3 1 0
github.com/adobe/butler/internal/config/status.go:41.2,41.21 1 0
github.com/adobe/butler/internal/config/status.go:44.69,46.16 2 0
github.com/adobe/butler/internal/config/status.go:46.16,48.3 1 0
github.com/adobe/butler/internal/config/status.go:50.2,51.16 2 0
github.com/adobe/butler/internal/config/status.go:51.16,53.3 1 0
github.com/adobe/butler/internal/config/status.go:54.2,57.16 3 0
github.com/adobe/butler/internal/config/status.go:57.16,59.3 1 0
github.com/adobe/butler/internal/config/status.go:60.2,60.12 1 0
github.com/adobe/butler/internal/config/status.go:63.63,65.16 2 0
github.com/adobe/butler/internal/config/status.go:65.16,68.3 2 0
github.com/adobe/butler/internal/config/status.go:70.2,70.44 1 0
github.com/adobe/butler/internal/config/status.go:70.44,73.3 2 0
github.com/adobe/butler/internal/config/status.go:73.8,76.3 2 0
github.com/adobe/butler/internal/config/status.go:79.76,84.45 3 0
github.com/adobe/butler/internal/config/status.go:84.45,86.3 1 0
github.com/adobe/butler/internal/config/status.go:88.2,90.52 2 0
mode: set
github.com/adobe/butler/internal/methods/blob.go:42.68,49.40 2 0
github.com/adobe/butler/internal/methods/blob.go:49.40,51.17 2 0
github.com/adobe/butler/internal/methods/blob.go:51.17,53.4 1 0
github.com/adobe/butler/internal/methods/blob.go:56.2,59.87 3 0
github.com/adobe/butler/internal/methods/blob.go:59.87,61.3 1 0
github.com/adobe/butler/internal/methods/blob.go:62.2,62.29 1 0
github.com/adobe/butler/internal/methods/blob.go:62.29,64.3 1 0
github.com/adobe/butler/internal/methods/blob.go:66.2,66.92 1 0
github.com/adobe/butler/internal/methods/blob.go:66.92,68.3 1 0
github.com/adobe/butler/internal/methods/blob.go:69.2,69.33 1 0
github.com/adobe/butler/internal/methods/blob.go:69.33,71.3 1 0
github.com/adobe/butler/internal/methods/blob.go:73.2,74.16 2 0
github.com/adobe/butler/internal/methods/blob.go:74.16,76.3 1 0
github.com/adobe/butler/internal/methods/blob.go:78.2,81.20 3 0
github.com/adobe/butler/internal/methods/blob.go:84.81,91.19 2 0
github.com/adobe/butler/internal/methods/blob.go:91.19,93.3 1 0
github.com/adobe/butler/internal/methods/blob.go:94.2,96.15 2 0
github.com/adobe/butler/internal/methods/blob.go:96.15,98.3 1 0
github.com/adobe/butler/internal/methods/blob.go:99.2,102.16 3 0
github.com/adobe/butler/internal/methods/blob.go:102.16,104.3 1 0
github.com/adobe/butler/internal/methods/blob.go:106.2,109.20 3 0
github.com/adobe/butler/internal/methods/blob.go:112.56,118.24 3 0
github.com/adobe/butler/internal/methods/blob.go:118.24,120.3 1 0
github.com/adobe/butler/internal/methods/blob.go:122.2,128.16 6 0
github.com/adobe/butler/internal/methods/blob.go:128.16,130.3 1 0
github.com/adobe/butler/internal/methods/blob.go:131.2,133.18 3 0
github.com/adobe/butler/internal/methods/blob.go:136.50,138.2 1 0
github.com/adobe/butler/internal/methods/blob.go:140.46,142.2 1 0
github.com/adobe/butler/internal/methods/blob.go:144.44,146.2 1 0
github.com/adobe/butler/internal/methods/etcd.go:47.60,59.2 1 0
github.com/adobe/butler/internal/methods/etcd.go:61.68,66.40 2 0
github.com/adobe/butler/internal/methods/etcd.go:66.40,68.17 2 0
github.com/adobe/butler/internal/methods/etcd.go:68.17,70.4 1 0
github.com/adobe/butler/internal/methods/etcd.go:71.3,72.28 2 0
github.com/adobe/butler/internal/methods/etcd.go:72.28,74.4 1 0
github.com/adobe/butler/internal/methods/etcd.go:75.3,85.17 5 0
github.com/adobe/butler/internal/methods/etcd.go:85.17,88.4 2 0
github.com/adobe/butler/internal/methods/etcd.go:89.3,91.40 3 0
github.com/adobe/butler/internal/methods/etcd.go:94.2,94.20 1 0
github.com/adobe/butler/internal/methods/etcd.go:97.94,109.16 4 0
github.com/adobe/butler/internal/methods/etcd.go:109.16,112.3 2 0
github.com/adobe/butler/internal/methods/etcd.go:113.2,117.20 5 0
github.com/adobe/butler/internal/methods/etcd.go:120.56,128.16 4 0
github.com/adobe/butler/internal/methods/etcd.go:128.16,131.3 2 0
github.com/adobe/butler/internal/methods/etcd.go:132.2,135.23 3 0
github.com/adobe/butler/internal/methods/etcd.go:138.115,140.2 1 0
github.com/adobe/butler/internal/methods/etcd.go:142.44,144.2 1 0
github.com/adobe/butler/internal/methods/file.go:36.68,44.40 3 0
github.com/adobe/butler/internal/methods/file.go:44.40,46.17 2 0
github.com/adobe/butler/internal/methods/file.go:46.17,48.4 1 0
github.com/adobe/butler/internal/methods/file.go:51.2,51.43 1 0
github.com/adobe/butler/internal/methods/file.go:51.43,53.3 1 0
github.com/adobe/butler/internal/methods/file.go:54.2,56.20 3 0
github.com/adobe/butler/internal/methods/file.go:59.55,68.2 4 0
github.com/adobe/butler/internal/methods/file.go:70.56,78.16 3 0
github.com/adobe/butler/internal/methods/file.go:78.16,81.3 1 0
github.com/adobe/butler/internal/methods/file.go:83.2,85.23 3 0
github.com/adobe/butler/internal/methods/file.go:88.44,90.2 1 0
github.com/adobe/butler/internal/methods/generic.go:27.71,29.2 1 0
github.com/adobe/butler/internal/methods/generic.go:31.59,36.2 2 0
github.com/adobe/butler/internal/methods/generic.go:38.47,40.2 1 0
github.com/adobe/butler/internal/methods/http.go:71.68,77.40 2 0
github.com/adobe/butler/internal/methods/http.go:77.40,79.17 2 0
github.com/adobe/butler/internal/methods/http.go:79.17,81.4 1 0
github.com/adobe/butler/internal/methods/http.go:84.2,85.21 2 0
github.com/adobe/butler/internal/methods/http.go:85.21,88.3 2 0
github.com/adobe/butler/internal/methods/http.go:90.2,91.21 2 0
github.com/adobe/butler/internal/methods/http.go:91.21,94.3 2 0
github.com/adobe/butler/internal/methods/http.go:96.2,97.26 2 0
github.com/adobe/butler/internal/methods/http.go:97.26,100.3 2 0
github.com/adobe/butler/internal/methods/http.go:102.2,103.26 2 0
github.com/adobe/butler/internal/methods/http.go:103.26,106.3 2 0
github.com/adobe/butler/internal/methods/http.go:108.2,122.20 12 0
github.com/adobe/butler/internal/methods/http.go:125.56,138.42 2 0
github.com/adobe/butler/internal/methods/http.go:138.42,140.3 1 0
github.com/adobe/butler/internal/methods/http.go:141.2,142.16 2 0
github.com/adobe/butler/internal/methods/http.go:142.16,144.3 1 0
github.com/adobe/butler/internal/methods/http.go:146.2,146.43 1 0
github.com/adobe/butler/internal/methods/http.go:146.43,148.21 2 0
github.com/adobe/butler/internal/methods/http.go:148.21,151.4 2 0
github.com/adobe/butler/internal/methods/http.go:152.3,153.46 2 0
github.com/adobe/butler/internal/methods/http.go:156.2,156.18 1 0
github.com/adobe/butler/internal/methods/http.go:157.15,158.78 1 0
github.com/adobe/butler/internal/methods/http.go:159.16,161.17 2 0
github.com/adobe/butler/internal/methods/http.go:161.17,163.4 1 0
github.com/adobe/butler/internal/methods/http.go:164.3,164.46 1 0
github.com/adobe/butler/internal/methods/http.go:164.46,171.4 6 0
github.com/adobe/butler/internal/methods/http.go:171.9,175.4 3 0
github.com/adobe/butler/internal/methods/http.go:176.19,177.94 1 0
github.com/adobe/butler/internal/methods/http.go:178.10,179.8 1 0
github.com/adobe/butler/internal/methods/http.go:184.2,184.133 1 0
github.com/adobe/butler/internal/methods/http.go:184.133,188.3 1 0
github.com/adobe/butler/internal/methods/http.go:190.2,191.16 2 0
github.com/adobe/butler/internal/methods/http.go:191.16,193.3 1 0
github.com/adobe/butler/internal/methods/http.go:194.2,196.18 3 0
github.com/adobe/butler/internal/methods/http.go:199.107,202.40 1 0
github.com/adobe/butler/internal/methods/http.go:202.40,206.3 3 0
github.com/adobe/butler/internal/methods/http.go:209.2,209.17 1 0
github.com/adobe/butler/internal/methods/http.go:209.17,214.53 1 0
github.com/adobe/butler/internal/methods/http.go:214.53,215.24 1 0
github.com/adobe/butler/internal/methods/http.go:215.24,217.5 1 0
github.com/adobe/butler/internal/methods/http.go:218.4,218.20 1 0
github.com/adobe/butler/internal/methods/http.go:222.2,222.19 1 0
github.com/adobe/butler/internal/methods/http.go:225.70,228.2 2 0
github.com/adobe/butler/internal/methods/http.go:230.33,234.2 3 0
github.com/adobe/butler/internal/methods/http.go:236.25,240.2 3 0
github.com/adobe/butler/internal/methods/http.go:242.67,252.2 7 0
github.com/adobe/butler/internal/methods/http.go:254.63,256.46 2 0
github.com/adobe/butler/internal/methods/http.go:256.46,259.37 3 0
github.com/adobe/butler/internal/methods/http.go:259.37,260.36 1 0
github.com/adobe/butler/internal/methods/http.go:260.36,261.31 1 0
github.com/adobe/butler/internal/methods/http.go:261.31,263.6 1 0
github.com/adobe/butler/internal/methods/http.go:267.2,267.15 1 0
github.com/adobe/butler/internal/methods/http.go:270.44,272.2 1 0
github.com/adobe/butler/internal/methods/methods.go:35.51,37.2 1 0
github.com/adobe/butler/internal/methods/methods.go:39.47,41.2 1 0
github.com/adobe/butler/internal/methods/methods.go:43.73,45.16 2 0
github.com/adobe/butler/internal/methods/methods.go:46.23,47.39 1 0
github.com/adobe/butler/internal/methods/methods.go:48.12,49.37 1 0
github.com/adobe/butler/internal/methods/methods.go:50.14,51.39 1 0
github.com/adobe/butler/internal/methods/methods.go:52.14,53.39 1 0
github.com/adobe/butler/internal/methods/methods.go:54.14,55.39 1 0
github.com/adobe/butler/internal/methods/methods.go:56.10,57.42 1 0
github.com/adobe/butler/internal/methods/s3.go:54.66,60.40 2 0
github.com/adobe/butler/internal/methods/s3.go:60.40,63.17 2 0
github.com/adobe/butler/internal/methods/s3.go:63.17,65.4 1 0
github.com/adobe/butler/internal/methods/s3.go:67.3,71.53 3 0
github.com/adobe/butler/internal/methods/s3.go:71.53,73.4 1 0
github.com/adobe/butler/internal/methods/s3.go:76.2,77.30 2 0
github.com/adobe/butler/internal/methods/s3.go:77.30,79.3 1 0
github.com/adobe/butler/internal/methods/s3.go:81.2,82.34 2 0
github.com/adobe/butler/internal/methods/s3.go:82.34,84.3 1 0
github.com/adobe/butler/internal/methods/s3.go:86.2,87.31 2 0
github.com/adobe/butler/internal/methods/s3.go:87.31,89.3 1 0
github.com/adobe/butler/internal/methods/s3.go:91.2,97.16 2 0
github.com/adobe/butler/internal/methods/s3.go:97.16,99.3 1 0
github.com/adobe/butler/internal/methods/s3.go:101.2,106.20 4 0
github.com/adobe/butler/internal/methods/s3.go:109.61,118.16 3 0
github.com/adobe/butler/internal/methods/s3.go:118.16,120.3 1 0
github.com/adobe/butler/internal/methods/s3.go:121.2,127.20 6 0
github.com/adobe/butler/internal/methods/s3.go:130.54,136.16 3 0
github.com/adobe/butler/internal/methods/s3.go:136.16,138.3 1 0
github.com/adobe/butler/internal/methods/s3.go:140.2,146.16 3 0
github.com/adobe/butler/internal/methods/s3.go:146.16,148.47 2 0
github.com/adobe/butler/internal/methods/s3.go:148.47,150.4 1 0
github.com/adobe/butler/internal/methods/s3.go:151.3,151.38 1 0
github.com/adobe/butler/internal/methods/s3.go:151.38,153.19 2 0
github.com/adobe/butler/internal/methods/s3.go:153.19,155.5 1 0
github.com/adobe/butler/internal/methods/s3.go:159.4,159.14 1 0
github.com/adobe/butler/internal/methods/s3.go:161.3,163.115 3 0
github.com/adobe/butler/internal/methods/s3.go:166.2,167.16 2 0
github.com/adobe/butler/internal/methods/s3.go:167.16,171.3 3 0
github.com/adobe/butler/internal/methods/s3.go:174.2,181.23 5 0
github.com/adobe/butler/internal/methods/s3.go:184.42,186.2 1 0
mode: set
github.com/adobe/butler/internal/metrics/metrics.go:55.13,164.2 36 1
github.com/adobe/butler/internal/metrics/metrics.go:166.52,167.20 1 1
github.com/adobe/butler/internal/metrics/metrics.go:167.20,171.3 3 1
github.com/adobe/butler/internal/metrics/metrics.go:171.8,174.3 2 1
github.com/adobe/butler/internal/metrics/metrics.go:177.42,182.2 4 0
github.com/adobe/butler/internal/metrics/metrics.go:184.64,185.20 1 1
github.com/adobe/butler/internal/metrics/metrics.go:185.20,188.3 2 1
github.com/adobe/butler/internal/metrics/metrics.go:188.8,190.3 1 1
github.com/adobe/butler/internal/metrics/metrics.go:193.51,194.20 1 1
github.com/adobe/butler/internal/metrics/metrics.go:194.20,197.3 2 1
github.com/adobe/butler/internal/metrics/metrics.go:197.8,199.3 1 1
github.com/adobe/butler/internal/metrics/metrics.go:202.64,203.20 1 0
github.com/adobe/butler/internal/metrics/metrics.go:203.20,205.3 1 0
github.com/adobe/butler/internal/metrics/metrics.go:205.8,207.3 1 0
github.com/adobe/butler/internal/metrics/metrics.go:210.65,211.20 1 0
github.com/adobe/butler/internal/metrics/metrics.go:211.20,214.3 2 0
github.com/adobe/butler/internal/metrics/metrics.go:214.8,216.3 1 0
github.com/adobe/butler/internal/metrics/metrics.go:219.70,222.34 1 0
github.com/adobe/butler/internal/metrics/metrics.go:222.34,224.3 1 0
github.com/adobe/butler/internal/metrics/metrics.go:226.2,227.102 2 0
github.com/adobe/butler/internal/metrics/metrics.go:230.61,231.20 1 0
github.com/adobe/butler/internal/metrics/metrics.go:231.20,233.3 1 0
github.com/adobe/butler/internal/metrics/metrics.go:233.8,235.3 1 0
github.com/adobe/butler/internal/metrics/metrics.go:238.63,239.20 1 0
github.com/adobe/butler/internal/metrics/metrics.go:239.20,241.3 1 0
github.com/adobe/butler/internal/metrics/metrics.go:241.8,243.3 1 0
github.com/adobe/butler/internal/metrics/metrics.go:246.58,248.2 1 0
github.com/adobe/butler/internal/metrics/metrics.go:250.57,251.20 1 0
github.com/adobe/butler/internal/metrics/metrics.go:251.20,253.3 1 0
github.com/adobe/butler/internal/metrics/metrics.go:253.8,255.3 1 0
github.com/adobe/butler/internal/metrics/metrics.go:258.61,259.20 1 0
github.com/adobe/butler/internal/metrics/metrics.go:259.20,261.3 1 0
github.com/adobe/butler/internal/metrics/metrics.go:261.8,263.3 1 0
github.com/adobe/butler/internal/metrics/metrics.go:266.55,267.20 1 0
github.com/adobe/butler/internal/metrics/metrics.go:267.20,269.3 1 0
github.com/adobe/butler/internal/metrics/metrics.go:269.8,271.3 1 0
github.com/adobe/butler/internal/metrics/metrics.go:275.40,279.2 3 1
mode: set
github.com/adobe/butler/internal/monitor/monitor.go:21.28,23.2 1 1
github.com/adobe/butler/internal/monitor/monitor.go:27.49,31.2 3 1
github.com/adobe/butler/internal/monitor/monitor.go:64.27,71.18 2 1
github.com/adobe/butler/internal/monitor/monitor.go:71.18,76.3 4 1
github.com/adobe/butler/internal/monitor/monitor.go:78.2,78.43 1 1
github.com/adobe/butler/internal/monitor/monitor.go:78.43,83.3 2 1
github.com/adobe/butler/internal/monitor/monitor.go:83.8,85.3 1 1
github.com/adobe/butler/internal/monitor/monitor.go:86.2,87.50 2 1
github.com/adobe/butler/internal/monitor/monitor.go:87.50,89.17 2 1
github.com/adobe/butler/internal/monitor/monitor.go:89.17,91.4 1 0
github.com/adobe/butler/internal/monitor/monitor.go:92.3,94.17 3 1
github.com/adobe/butler/internal/monitor/monitor.go:94.17,96.4 1 0
github.com/adobe/butler/internal/monitor/monitor.go:97.8,100.17 2 1
github.com/adobe/butler/internal/monitor/monitor.go:100.17,102.4 1 0
github.com/adobe/butler/internal/monitor/monitor.go:104.2,104.27 1 1
github.com/adobe/butler/internal/monitor/monitor.go:109.32,113.21 4 1
github.com/adobe/butler/internal/monitor/monitor.go:113.21,116.17 2 1
github.com/adobe/butler/internal/monitor/monitor.go:116.17,118.4 1 0
github.com/adobe/butler/internal/monitor/monitor.go:120.2,121.12 2 1
github.com/adobe/butler/internal/monitor/monitor.go:128.51,132.2 3 1
github.com/adobe/butler/internal/monitor/monitor.go:138.67,146.16 3 1
github.com/adobe/butler/internal/monitor/monitor.go:146.16,149.3 2 0
github.com/adobe/butler/internal/monitor/monitor.go:151.2,152.30 2 1
mode: set
